
2024-01-13-23.09.01.546677-180 I1E1401              LEVEL: Event
PID     : 97073                TID : 123145332289536PROC : SESCAP.Ecommerce
INSTANCE: DB2                  NODE : 000
HOSTNAME: imac-cti.sescap.com.br
FUNCTION: DB2 UDB, RAS/PD component, pdLogInternal, probe:120
START   : New Diagnostic Log file
DATA #1 : Build Level, 240 bytes
Instance "DB2" uses "64" bits and DB2 code release "SQL11059"
with level identifier "060A010F".
Informational tokens are "DB2 v11.5.9.0", "s2310270807", "DYN2310270807MAC", Fix Pack "0".
DATA #2 : System Info, 1760 bytes
System: Darwin imac-cti.sescap.com.br 23.1.0 Darwin Kernel Version 23.1.0: Mon Oct  9 21:27:27 PDT 2023; root:xnu-10002.41.9~6/RELEASE_X86_64 x86_64
CPU: total:12 online:12 Threading degree per core:1 SIMD:N CPU Features:SSE2,SSE3,SSSE3,SSE4,AVX2
Physical Memory(MB): total:15769 free:11948
Virtual  Memory(MB): total:15769 free:11948
Swap     Memory(MB): total:0 free:0
Cur cpu time limit (seconds)  = 0x7FFFFFFFFFFFFFFF
Cur file size limit (bytes) = 0x7FFFFFFFFFFFFFFF
Cur data size (bytes)  = 0x7FFFFFFFFFFFFFFF
Cur stack size (bytes)  = 0x0000000000800000
Cur core size (bytes)  = 0x0000000000000000
Cur memory size (bytes) = 0x7FFFFFFFFFFFFFFF
nofiles (descriptors)  = 0x0000000000003100
Disk: 4K Device Support: NONE

Information in this record is only valid at the time when this file was
created (see this record's time stamp)

2024-01-13-23.09.01.546922-180 I1403E361            LEVEL: Error
PID     : 97073                TID : 123145332289536PROC : SESCAP.Ecommerce
INSTANCE: DB2                  NODE : 000
HOSTNAME: imac-cti.sescap.com.br
FUNCTION: DB2 UDB, common communication, sqlcctcpconnr, probe:110
MESSAGE : SQL10007N  Message "3202" could not be retrieved.  Reason code: "3".

2024-01-14-23.10.34.959643-180 I1765E361            LEVEL: Error
PID     : 97073                TID : 123145332289536PROC : SESCAP.Ecommerce
INSTANCE: DB2                  NODE : 000
HOSTNAME: imac-cti.sescap.com.br
FUNCTION: DB2 UDB, common communication, sqlcctcpconnr, probe:110
MESSAGE : SQL10007N  Message "3202" could not be retrieved.  Reason code: "3".
