
2023-01-02-17.22.50.220654-180 I1E1390              LEVEL: Event
PID     : 26020                TID : 123145553371136PROC : dotnet
INSTANCE: DB2                  NODE : 000
HOSTNAME: imac-cti.sescap.com.br
FUNCTION: DB2 UDB, RAS/PD component, pdLogInternal, probe:120
START   : New Diagnostic Log file
DATA #1 : Build Level, 240 bytes
Instance "DB2" uses "64" bits and DB2 code release "SQL11055"
with level identifier "0606010F".
Informational tokens are "DB2 v11.5.5.1", "s2103171200", "DYN2103171200MAC", Fix Pack "1".
DATA #2 : System Info, 1760 bytes
System: Darwin imac-cti.sescap.com.br 21.4.0 Darwin Kernel Version 21.4.0: Fri Mar 18 00:45:05 PDT 2022; root:xnu-8020.101.4~15/RELEASE_X86_64 x86_64
CPU: total:12 online:12 Threading degree per core:1 SIMD:N CPU Features:SSE2,SSE3,SSSE3,SSE4,AVX2
Physical Memory(MB): total:16030 free:7211
Virtual  Memory(MB): total:16030 free:7211
Swap     Memory(MB): total:0 free:0
Cur cpu time limit (seconds)  = 0x7FFFFFFFFFFFFFFF
Cur file size limit (bytes) = 0x7FFFFFFFFFFFFFFF
Cur data size (bytes)  = 0x7FFFFFFFFFFFFFFF
Cur stack size (bytes)  = 0x0000000000800000
Cur core size (bytes)  = 0x0000000000000000
Cur memory size (bytes) = 0x7FFFFFFFFFFFFFFF
nofiles (descriptors)  = 0x0000000000003100
Disk: 4K Device Support: NONE

Information in this record is only valid at the time when this file was
created (see this record's time stamp)

2023-01-02-17.22.50.221828-180 I1392E351            LEVEL: Error
PID     : 26020                TID : 123145553371136PROC : dotnet
INSTANCE: DB2                  NODE : 000
HOSTNAME: imac-cti.sescap.com.br
FUNCTION: DB2 UDB, common communication, sqlcctcpconnr, probe:110
MESSAGE : SQL10007N  Message "3202" could not be retrieved.  Reason code: "3".

2023-01-02-17.23.36.438436-180 I1744E351            LEVEL: Error
PID     : 407                  TID : 123145384579072PROC : dotnet
INSTANCE: DB2                  NODE : 000
HOSTNAME: imac-cti.sescap.com.br
FUNCTION: DB2 UDB, common communication, sqlcctcpconnr, probe:110
MESSAGE : SQL10007N  Message "3202" could not be retrieved.  Reason code: "3".

2023-07-05-11.04.02.050379-180 I2096E351            LEVEL: Error
PID     : 13987                TID : 123145581744128PROC : dotnet
INSTANCE: DB2                  NODE : 000
HOSTNAME: imac-cti.sescap.com.br
FUNCTION: DB2 UDB, common communication, sqlcctcpconnr, probe:110
MESSAGE : SQL10007N  Message "3202" could not be retrieved.  Reason code: "3".

2023-07-05-11.07.05.154201-180 I2448E351            LEVEL: Error
PID     : 14153                TID : 123145497260032PROC : dotnet
INSTANCE: DB2                  NODE : 000
HOSTNAME: imac-cti.sescap.com.br
FUNCTION: DB2 UDB, common communication, sqlcctcpconnr, probe:110
MESSAGE : SQL10007N  Message "3202" could not be retrieved.  Reason code: "3".
